2019-04-21 12:39:42,675  INFO [main] TestBase:82 - ******************Configure chrome browser for launching****************
2019-04-21 12:39:47,431  INFO [main] TestBase:92 - **********Maximizing the window
2019-04-21 12:39:47,431 DEBUG [main] TestBase:93 - ************Testing window miximize or not*******
2019-04-21 12:39:48,589  WARN [main] TestBase:96 - *********************Deleting the cookies*******************
2019-04-21 12:39:48,609  INFO [main] TestBase:100 - *************** Waiting for PageLoad******************
2019-04-21 12:39:48,613  INFO [main] TestBase:103 - *************** Implicit Wait ****************
2019-04-21 12:39:48,623  INFO [main] TestBase:106 - ****************Opening the URL ***********************
2019-04-21 12:39:53,502  INFO [main] TestBase:47 - com.nopcommerce.qa.pages.ComputersPage@16ce702d
2019-04-21 12:39:54,423 DEBUG [main] cache:45 - Couldn't find template in cache for "v3html/v3-html-index.ftl"("en", UTF-8, parsed); will try to load it.
2019-04-21 12:39:54,423 DEBUG [main] cache:45 - TemplateLoader.findTemplateSource("v3html/v3-html-index_en.ftl"): Not found
2019-04-21 12:39:54,439 DEBUG [main] cache:45 - TemplateLoader.findTemplateSource("v3html/v3-html-index.ftl"): Found
2019-04-21 12:39:54,439 DEBUG [main] cache:45 - Loading template for "v3html/v3-html-index.ftl"("en", UTF-8, parsed) from "jar:file:/C:/Users/Lenovo/.m2/repository/com/aventstack/extentreports/4.0.1/extentreports-4.0.1.jar!/com/aventstack/extentreports/view/v3html/v3-html-index.ftl"
2019-04-21 12:39:54,978 DEBUG [main] cache:45 - Couldn't find template in cache for "v3html/v3-html-head.ftl"("en", UTF-8, parsed); will try to load it.
2019-04-21 12:39:54,990 DEBUG [main] cache:45 - TemplateLoader.findTemplateSource("v3html/v3-html-head_en.ftl"): Not found
2019-04-21 12:39:54,991 DEBUG [main] cache:45 - TemplateLoader.findTemplateSource("v3html/v3-html-head.ftl"): Found
2019-04-21 12:39:54,991 DEBUG [main] cache:45 - Loading template for "v3html/v3-html-head.ftl"("en", UTF-8, parsed) from "jar:file:/C:/Users/Lenovo/.m2/repository/com/aventstack/extentreports/4.0.1/extentreports-4.0.1.jar!/com/aventstack/extentreports/view/v3html/v3-html-head.ftl"
2019-04-21 12:39:55,006 DEBUG [main] cache:45 - Couldn't find template in cache for "v3html/v3-html-nav.ftl"("en", UTF-8, parsed); will try to load it.
2019-04-21 12:39:55,006 DEBUG [main] cache:45 - TemplateLoader.findTemplateSource("v3html/v3-html-nav_en.ftl"): Not found
2019-04-21 12:39:55,006 DEBUG [main] cache:45 - TemplateLoader.findTemplateSource("v3html/v3-html-nav.ftl"): Found
2019-04-21 12:39:55,006 DEBUG [main] cache:45 - Loading template for "v3html/v3-html-nav.ftl"("en", UTF-8, parsed) from "jar:file:/C:/Users/Lenovo/.m2/repository/com/aventstack/extentreports/4.0.1/extentreports-4.0.1.jar!/com/aventstack/extentreports/view/v3html/v3-html-nav.ftl"
2019-04-21 12:39:55,038 DEBUG [main] cache:45 - Couldn't find template in cache for "v3html/test-view/v3-html-test-view.ftl"("en", UTF-8, parsed); will try to load it.
2019-04-21 12:39:55,038 DEBUG [main] cache:45 - TemplateLoader.findTemplateSource("v3html/test-view/v3-html-test-view_en.ftl"): Not found
2019-04-21 12:39:55,038 DEBUG [main] cache:45 - TemplateLoader.findTemplateSource("v3html/test-view/v3-html-test-view.ftl"): Found
2019-04-21 12:39:55,053 DEBUG [main] cache:45 - Loading template for "v3html/test-view/v3-html-test-view.ftl"("en", UTF-8, parsed) from "jar:file:/C:/Users/Lenovo/.m2/repository/com/aventstack/extentreports/4.0.1/extentreports-4.0.1.jar!/com/aventstack/extentreports/view/v3html/test-view/v3-html-test-view.ftl"
2019-04-21 12:39:55,093 DEBUG [main] cache:45 - Couldn't find template in cache for "v3html/test-view/v3-html-test-view-charts.ftl"("en", UTF-8, parsed); will try to load it.
2019-04-21 12:39:55,093 DEBUG [main] cache:45 - TemplateLoader.findTemplateSource("v3html/test-view/v3-html-test-view-charts_en.ftl"): Not found
2019-04-21 12:39:55,093 DEBUG [main] cache:45 - TemplateLoader.findTemplateSource("v3html/test-view/v3-html-test-view-charts.ftl"): Found
2019-04-21 12:39:55,093 DEBUG [main] cache:45 - Loading template for "v3html/test-view/v3-html-test-view-charts.ftl"("en", UTF-8, parsed) from "jar:file:/C:/Users/Lenovo/.m2/repository/com/aventstack/extentreports/4.0.1/extentreports-4.0.1.jar!/com/aventstack/extentreports/view/v3html/test-view/v3-html-test-view-charts.ftl"
2019-04-21 12:39:55,140 DEBUG [main] cache:45 - Couldn't find template in cache for "v3html/test-view/v3-html-standard.ftl"("en", UTF-8, parsed); will try to load it.
2019-04-21 12:39:55,140 DEBUG [main] cache:45 - TemplateLoader.findTemplateSource("v3html/test-view/v3-html-standard_en.ftl"): Not found
2019-04-21 12:39:55,140 DEBUG [main] cache:45 - TemplateLoader.findTemplateSource("v3html/test-view/v3-html-standard.ftl"): Found
2019-04-21 12:39:55,140 DEBUG [main] cache:45 - Loading template for "v3html/test-view/v3-html-standard.ftl"("en", UTF-8, parsed) from "jar:file:/C:/Users/Lenovo/.m2/repository/com/aventstack/extentreports/4.0.1/extentreports-4.0.1.jar!/com/aventstack/extentreports/view/v3html/test-view/v3-html-standard.ftl"
2019-04-21 12:39:55,345 DEBUG [main] cache:45 - "v3html/test-view/v3-html-standard.ftl"("en", UTF-8, parsed) cached copy not yet stale; using cached.
2019-04-21 12:39:55,345 DEBUG [main] cache:45 - "v3html/test-view/v3-html-standard.ftl"("en", UTF-8, parsed) cached copy not yet stale; using cached.
2019-04-21 12:39:55,353 DEBUG [main] cache:45 - Couldn't find template in cache for "v3html/category-view/v3-html-category-view.ftl"("en", UTF-8, parsed); will try to load it.
2019-04-21 12:39:55,355 DEBUG [main] cache:45 - TemplateLoader.findTemplateSource("v3html/category-view/v3-html-category-view_en.ftl"): Not found
2019-04-21 12:39:55,355 DEBUG [main] cache:45 - TemplateLoader.findTemplateSource("v3html/category-view/v3-html-category-view.ftl"): Found
2019-04-21 12:39:55,355 DEBUG [main] cache:45 - Loading template for "v3html/category-view/v3-html-category-view.ftl"("en", UTF-8, parsed) from "jar:file:/C:/Users/Lenovo/.m2/repository/com/aventstack/extentreports/4.0.1/extentreports-4.0.1.jar!/com/aventstack/extentreports/view/v3html/category-view/v3-html-category-view.ftl"
2019-04-21 12:39:55,365 DEBUG [main] cache:45 - Couldn't find template in cache for "v3html/exception-view/v3-html-exception-view.ftl"("en", UTF-8, parsed); will try to load it.
2019-04-21 12:39:55,373 DEBUG [main] cache:45 - TemplateLoader.findTemplateSource("v3html/exception-view/v3-html-exception-view_en.ftl"): Not found
2019-04-21 12:39:55,373 DEBUG [main] cache:45 - TemplateLoader.findTemplateSource("v3html/exception-view/v3-html-exception-view.ftl"): Found
2019-04-21 12:39:55,373 DEBUG [main] cache:45 - Loading template for "v3html/exception-view/v3-html-exception-view.ftl"("en", UTF-8, parsed) from "jar:file:/C:/Users/Lenovo/.m2/repository/com/aventstack/extentreports/4.0.1/extentreports-4.0.1.jar!/com/aventstack/extentreports/view/v3html/exception-view/v3-html-exception-view.ftl"
2019-04-21 12:39:55,373 DEBUG [main] cache:45 - Couldn't find template in cache for "v3html/author-view/v3-html-author-view.ftl"("en", UTF-8, parsed); will try to load it.
2019-04-21 12:39:55,373 DEBUG [main] cache:45 - TemplateLoader.findTemplateSource("v3html/author-view/v3-html-author-view_en.ftl"): Not found
2019-04-21 12:39:55,373 DEBUG [main] cache:45 - TemplateLoader.findTemplateSource("v3html/author-view/v3-html-author-view.ftl"): Found
2019-04-21 12:39:55,373 DEBUG [main] cache:45 - Loading template for "v3html/author-view/v3-html-author-view.ftl"("en", UTF-8, parsed) from "jar:file:/C:/Users/Lenovo/.m2/repository/com/aventstack/extentreports/4.0.1/extentreports-4.0.1.jar!/com/aventstack/extentreports/view/v3html/author-view/v3-html-author-view.ftl"
2019-04-21 12:39:55,373 DEBUG [main] cache:45 - Couldn't find template in cache for "v3html/dashboard-view/v3-html-dashboard-view.ftl"("en", UTF-8, parsed); will try to load it.
2019-04-21 12:39:55,383 DEBUG [main] cache:45 - TemplateLoader.findTemplateSource("v3html/dashboard-view/v3-html-dashboard-view_en.ftl"): Not found
2019-04-21 12:39:55,383 DEBUG [main] cache:45 - TemplateLoader.findTemplateSource("v3html/dashboard-view/v3-html-dashboard-view.ftl"): Found
2019-04-21 12:39:55,383 DEBUG [main] cache:45 - Loading template for "v3html/dashboard-view/v3-html-dashboard-view.ftl"("en", UTF-8, parsed) from "jar:file:/C:/Users/Lenovo/.m2/repository/com/aventstack/extentreports/4.0.1/extentreports-4.0.1.jar!/com/aventstack/extentreports/view/v3html/dashboard-view/v3-html-dashboard-view.ftl"
2019-04-21 12:39:55,383 DEBUG [main] cache:45 - Couldn't find template in cache for "v3html/logs-view/v3-html-testrunner-logs-view.ftl"("en", UTF-8, parsed); will try to load it.
2019-04-21 12:39:55,383 DEBUG [main] cache:45 - TemplateLoader.findTemplateSource("v3html/logs-view/v3-html-testrunner-logs-view_en.ftl"): Not found
2019-04-21 12:39:55,383 DEBUG [main] cache:45 - TemplateLoader.findTemplateSource("v3html/logs-view/v3-html-testrunner-logs-view.ftl"): Found
2019-04-21 12:39:55,383 DEBUG [main] cache:45 - Loading template for "v3html/logs-view/v3-html-testrunner-logs-view.ftl"("en", UTF-8, parsed) from "jar:file:/C:/Users/Lenovo/.m2/repository/com/aventstack/extentreports/4.0.1/extentreports-4.0.1.jar!/com/aventstack/extentreports/view/v3html/logs-view/v3-html-testrunner-logs-view.ftl"
